<?xml version="1.0" encoding="UTF-8"?>
<testng-results ignored="0" total="1" passed="1" failed="0" skipped="0">
  <reporter-output>
  </reporter-output>
  <suite started-at="2023-03-31T14:13:54 IST" name="Default suite" finished-at="2023-03-31T14:13:55 IST" duration-ms="1498">
    <groups>
      <group name="cucumber">
        <method signature="AbstractTestNGCucumberTests.runScenario(io.cucumber.testng.PickleWrapper,io.cucumber.testng.FeatureWrapper)[pri:0, instance:automation.cucumber.testNGTestRunner@7ce026d3]" name="runScenario" class="io.cucumber.testng.AbstractTestNGCucumberTests"/>
      </group> <!-- cucumber -->
    </groups>
    <test started-at="2023-03-31T14:13:54 IST" name="Default test" finished-at="2023-03-31T14:13:55 IST" duration-ms="1498">
      <class name="automation.cucumber.testNGTestRunner">
        <test-method is-config="true" signature="setUpClass(org.testng.ITestContext)[pri:0, instance:automation.cucumber.testNGTestRunner@7ce026d3]" started-at="2023-03-31T14:13:54 IST" name="setUpClass" finished-at="2023-03-31T14:13:55 IST" duration-ms="975" status="PASS">
          <params>
            <param index="0">
              <value>
                <![CDATA[org.testng.TestRunner@796d3c9f]]>
              </value>
            </param>
          </params>
          <reporter-output>
          </reporter-output>
        </test-method> <!-- setUpClass -->
        <test-method signature="runScenario(io.cucumber.testng.PickleWrapper,io.cucumber.testng.FeatureWrapper)[pri:0, instance:automation.cucumber.testNGTestRunner@7ce026d3]" started-at="2023-03-31T14:13:55 IST" name="runScenario" description="Runs Cucumber Scenarios" data-provider="scenarios" finished-at="2023-03-31T14:13:55 IST" duration-ms="357" status="PASS">
          <params>
            <param index="0">
              <value>
                <![CDATA["To match sign in content in two different pages"]]>
              </value>
            </param>
            <param index="1">
              <value>
                <![CDATA["Sample"]]>
              </value>
            </param>
          </params>
          <reporter-output>
          </reporter-output>
        </test-method> <!-- runScenario -->
        <test-method is-config="true" signature="tearDownClass()[pri:0, instance:automation.cucumber.testNGTestRunner@7ce026d3]" started-at="2023-03-31T14:13:55 IST" name="tearDownClass" finished-at="2023-03-31T14:13:55 IST" duration-ms="69" status="PASS">
          <reporter-output>
          </reporter-output>
        </test-method> <!-- tearDownClass -->
      </class> <!-- automation.cucumber.testNGTestRunner -->
    </test> <!-- Default test -->
  </suite> <!-- Default suite -->
</testng-results>
